<?xml version="1.0" encoding="UTF-8"?>
<testsuite xmlns:xsi="http://www.w3.org/2001/XMLSchema-instance" xsi:noNamespaceSchemaLocation="https://maven.apache.org/surefire/maven-surefire-plugin/xsd/surefire-test-report-3.0.xsd" version="3.0" name="airline.LightPlaneTest" time="0.01" tests="5" errors="0" skipped="0" failures="0">
  <properties>
    <property name="java.specification.version" value="21"/>
    <property name="javafx.runtime.version" value="21.0.2+5"/>
    <property name="sun.jnu.encoding" value="UTF-8"/>
    <property name="java.class.path" value="/home/anton/ВУЗ/2_курс/4_семестр/курсач/coursework_JAVA/target/test-classes:/home/anton/ВУЗ/2_курс/4_семестр/курсач/coursework_JAVA/target/classes:/home/anton/.m2/repository/org/openjfx/javafx-controls/21.0.2/javafx-controls-21.0.2.jar:/home/anton/.m2/repository/org/openjfx/javafx-controls/21.0.2/javafx-controls-21.0.2-linux.jar:/home/anton/.m2/repository/org/openjfx/javafx-graphics/21.0.2/javafx-graphics-21.0.2.jar:/home/anton/.m2/repository/org/openjfx/javafx-graphics/21.0.2/javafx-graphics-21.0.2-linux.jar:/home/anton/.m2/repository/org/openjfx/javafx-base/21.0.2/javafx-base-21.0.2.jar:/home/anton/.m2/repository/org/openjfx/javafx-base/21.0.2/javafx-base-21.0.2-linux.jar:/home/anton/.m2/repository/org/openjfx/javafx-fxml/21.0.2/javafx-fxml-21.0.2.jar:/home/anton/.m2/repository/org/openjfx/javafx-fxml/21.0.2/javafx-fxml-21.0.2-linux.jar:/home/anton/.m2/repository/org/xerial/sqlite-jdbc/3.45.2.0/sqlite-jdbc-3.45.2.0.jar:/home/anton/.m2/repository/org/junit/jupiter/junit-jupiter/5.10.2/junit-jupiter-5.10.2.jar:/home/anton/.m2/repository/org/junit/jupiter/junit-jupiter-api/5.10.2/junit-jupiter-api-5.10.2.jar:/home/anton/.m2/repository/org/opentest4j/opentest4j/1.3.0/opentest4j-1.3.0.jar:/home/anton/.m2/repository/org/junit/platform/junit-platform-commons/1.10.2/junit-platform-commons-1.10.2.jar:/home/anton/.m2/repository/org/apiguardian/apiguardian-api/1.1.2/apiguardian-api-1.1.2.jar:/home/anton/.m2/repository/org/junit/jupiter/junit-jupiter-params/5.10.2/junit-jupiter-params-5.10.2.jar:/home/anton/.m2/repository/org/junit/jupiter/junit-jupiter-engine/5.10.2/junit-jupiter-engine-5.10.2.jar:/home/anton/.m2/repository/org/junit/platform/junit-platform-engine/1.10.2/junit-platform-engine-1.10.2.jar:/home/anton/.m2/repository/org/mockito/mockito-core/5.2.0/mockito-core-5.2.0.jar:/home/anton/.m2/repository/net/bytebuddy/byte-buddy-agent/1.14.1/byte-buddy-agent-1.14.1.jar:/home/anton/.m2/repository/org/objenesis/objenesis/3.3/objenesis-3.3.jar:/home/anton/.m2/repository/net/bytebuddy/byte-buddy/1.14.10/byte-buddy-1.14.10.jar:/home/anton/.m2/repository/org/slf4j/slf4j-api/1.7.36/slf4j-api-1.7.36.jar:/home/anton/.m2/repository/org/slf4j/slf4j-simple/1.7.36/slf4j-simple-1.7.36.jar:"/>
    <property name="java.vm.vendor" value="Microsoft"/>
    <property name="sun.arch.data.model" value="64"/>
    <property name="java.vendor.url" value="https://www.microsoft.com"/>
    <property name="user.timezone" value="Europe/Kyiv"/>
    <property name="os.name" value="Linux"/>
    <property name="java.vm.specification.version" value="21"/>
    <property name="javafx.version" value="21.0.2"/>
    <property name="sun.java.launcher" value="SUN_STANDARD"/>
    <property name="user.country" value="GB"/>
    <property name="sun.boot.library.path" value="/home/anton/.jdks/ms-21.0.7/lib"/>
    <property name="sun.java.command" value="/home/anton/ВУЗ/2_курс/4_семестр/курсач/coursework_JAVA/target/surefire/surefirebooter-20250602210515098_3.jar /home/anton/ВУЗ/2_курс/4_семестр/курсач/coursework_JAVA/target/surefire 2025-06-02T21-05-15_001-jvmRun1 surefire-20250602210515098_1tmp surefire_0-20250602210515098_2tmp"/>
    <property name="jdk.debug" value="release"/>
    <property name="surefire.test.class.path" value="/home/anton/ВУЗ/2_курс/4_семестр/курсач/coursework_JAVA/target/test-classes:/home/anton/ВУЗ/2_курс/4_семестр/курсач/coursework_JAVA/target/classes:/home/anton/.m2/repository/org/openjfx/javafx-controls/21.0.2/javafx-controls-21.0.2.jar:/home/anton/.m2/repository/org/openjfx/javafx-controls/21.0.2/javafx-controls-21.0.2-linux.jar:/home/anton/.m2/repository/org/openjfx/javafx-graphics/21.0.2/javafx-graphics-21.0.2.jar:/home/anton/.m2/repository/org/openjfx/javafx-graphics/21.0.2/javafx-graphics-21.0.2-linux.jar:/home/anton/.m2/repository/org/openjfx/javafx-base/21.0.2/javafx-base-21.0.2.jar:/home/anton/.m2/repository/org/openjfx/javafx-base/21.0.2/javafx-base-21.0.2-linux.jar:/home/anton/.m2/repository/org/openjfx/javafx-fxml/21.0.2/javafx-fxml-21.0.2.jar:/home/anton/.m2/repository/org/openjfx/javafx-fxml/21.0.2/javafx-fxml-21.0.2-linux.jar:/home/anton/.m2/repository/org/xerial/sqlite-jdbc/3.45.2.0/sqlite-jdbc-3.45.2.0.jar:/home/anton/.m2/repository/org/junit/jupiter/junit-jupiter/5.10.2/junit-jupiter-5.10.2.jar:/home/anton/.m2/repository/org/junit/jupiter/junit-jupiter-api/5.10.2/junit-jupiter-api-5.10.2.jar:/home/anton/.m2/repository/org/opentest4j/opentest4j/1.3.0/opentest4j-1.3.0.jar:/home/anton/.m2/repository/org/junit/platform/junit-platform-commons/1.10.2/junit-platform-commons-1.10.2.jar:/home/anton/.m2/repository/org/apiguardian/apiguardian-api/1.1.2/apiguardian-api-1.1.2.jar:/home/anton/.m2/repository/org/junit/jupiter/junit-jupiter-params/5.10.2/junit-jupiter-params-5.10.2.jar:/home/anton/.m2/repository/org/junit/jupiter/junit-jupiter-engine/5.10.2/junit-jupiter-engine-5.10.2.jar:/home/anton/.m2/repository/org/junit/platform/junit-platform-engine/1.10.2/junit-platform-engine-1.10.2.jar:/home/anton/.m2/repository/org/mockito/mockito-core/5.2.0/mockito-core-5.2.0.jar:/home/anton/.m2/repository/net/bytebuddy/byte-buddy-agent/1.14.1/byte-buddy-agent-1.14.1.jar:/home/anton/.m2/repository/org/objenesis/objenesis/3.3/objenesis-3.3.jar:/home/anton/.m2/repository/net/bytebuddy/byte-buddy/1.14.10/byte-buddy-1.14.10.jar:/home/anton/.m2/repository/org/slf4j/slf4j-api/1.7.36/slf4j-api-1.7.36.jar:/home/anton/.m2/repository/org/slf4j/slf4j-simple/1.7.36/slf4j-simple-1.7.36.jar:"/>
    <property name="sun.cpu.endian" value="little"/>
    <property name="user.home" value="/home/anton"/>
    <property name="user.language" value="en"/>
    <property name="java.specification.vendor" value="Oracle Corporation"/>
    <property name="java.version.date" value="2025-04-15"/>
    <property name="java.home" value="/home/anton/.jdks/ms-21.0.7"/>
    <property name="file.separator" value="/"/>
    <property name="basedir" value="/home/anton/ВУЗ/2_курс/4_семестр/курсач/coursework_JAVA"/>
    <property name="java.vm.compressedOopsMode" value="Zero based"/>
    <property name="line.separator" value="&#10;"/>
    <property name="java.vm.specification.vendor" value="Oracle Corporation"/>
    <property name="java.specification.name" value="Java Platform API Specification"/>
    <property name="surefire.real.class.path" value="/home/anton/ВУЗ/2_курс/4_семестр/курсач/coursework_JAVA/target/surefire/surefirebooter-20250602210515098_3.jar"/>
    <property name="sun.management.compiler" value="HotSpot 64-Bit Tiered Compilers"/>
    <property name="java.runtime.version" value="21.0.7+6-LTS"/>
    <property name="user.name" value="anton"/>
    <property name="stdout.encoding" value="UTF-8"/>
    <property name="path.separator" value=":"/>
    <property name="os.version" value="6.11.0-26-generic"/>
    <property name="java.runtime.name" value="OpenJDK Runtime Environment"/>
    <property name="file.encoding" value="UTF-8"/>
    <property name="java.vm.name" value="OpenJDK 64-Bit Server VM"/>
    <property name="java.vendor.version" value="Microsoft-11369942"/>
    <property name="localRepository" value="/home/anton/.m2/repository"/>
    <property name="java.vendor.url.bug" value="https://github.com/microsoft/openjdk/issues"/>
    <property name="java.io.tmpdir" value="/tmp"/>
    <property name="idea.version" value="2025.1.1.1"/>
    <property name="java.version" value="21.0.7"/>
    <property name="user.dir" value="/home/anton/ВУЗ/2_курс/4_семестр/курсач/coursework_JAVA"/>
    <property name="os.arch" value="amd64"/>
    <property name="java.vm.specification.name" value="Java Virtual Machine Specification"/>
    <property name="native.encoding" value="UTF-8"/>
    <property name="java.library.path" value="/usr/java/packages/lib:/usr/lib64:/lib64:/lib:/usr/lib"/>
    <property name="java.vm.info" value="mixed mode, sharing"/>
    <property name="stderr.encoding" value="UTF-8"/>
    <property name="java.vendor" value="Microsoft"/>
    <property name="java.vm.version" value="21.0.7+6-LTS"/>
    <property name="sun.io.unicode.encoding" value="UnicodeLittle"/>
    <property name="java.class.version" value="65.0"/>
  </properties>
  <testcase name="testSetId" classname="airline.LightPlaneTest" time="0.002"/>
  <testcase name="testToString" classname="airline.LightPlaneTest" time="0.002"/>
  <testcase name="testConstructorAndGetters" classname="airline.LightPlaneTest" time="0.001"/>
  <testcase name="testGetType" classname="airline.LightPlaneTest" time="0.001"/>
  <testcase name="testSetImagePath" classname="airline.LightPlaneTest" time="0.0"/>
</testsuite>