<?xml version="1.0" encoding="UTF-8"?>
<testsuite xmlns:xsi="http://www.w3.org/2001/XMLSchema-instance" xsi:noNamespaceSchemaLocation="https://maven.apache.org/surefire/maven-surefire-plugin/xsd/surefire-test-report-3.0.xsd" version="3.0" name="ui.AirlineCLITest" time="0.4" tests="1" errors="0" skipped="0" failures="0">
  <properties>
    <property name="java.specification.version" value="21"/>
    <property name="sun.jnu.encoding" value="UTF-8"/>
    <property name="java.class.path" value="/home/anton/ВУЗ/2_курс/4_семестр/курсач/coursework_JAVA/target/test-classes:/home/anton/ВУЗ/2_курс/4_семестр/курсач/coursework_JAVA/target/classes:/home/anton/.m2/repository/org/openjfx/javafx-controls/21.0.2/javafx-controls-21.0.2.jar:/home/anton/.m2/repository/org/openjfx/javafx-controls/21.0.2/javafx-controls-21.0.2-linux.jar:/home/anton/.m2/repository/org/openjfx/javafx-graphics/21.0.2/javafx-graphics-21.0.2.jar:/home/anton/.m2/repository/org/openjfx/javafx-graphics/21.0.2/javafx-graphics-21.0.2-linux.jar:/home/anton/.m2/repository/org/openjfx/javafx-base/21.0.2/javafx-base-21.0.2.jar:/home/anton/.m2/repository/org/openjfx/javafx-base/21.0.2/javafx-base-21.0.2-linux.jar:/home/anton/.m2/repository/org/openjfx/javafx-fxml/21.0.2/javafx-fxml-21.0.2.jar:/home/anton/.m2/repository/org/openjfx/javafx-fxml/21.0.2/javafx-fxml-21.0.2-linux.jar:/home/anton/.m2/repository/org/xerial/sqlite-jdbc/3.45.2.0/sqlite-jdbc-3.45.2.0.jar:/home/anton/.m2/repository/org/junit/jupiter/junit-jupiter/5.10.2/junit-jupiter-5.10.2.jar:/home/anton/.m2/repository/org/junit/jupiter/junit-jupiter-api/5.10.2/junit-jupiter-api-5.10.2.jar:/home/anton/.m2/repository/org/opentest4j/opentest4j/1.3.0/opentest4j-1.3.0.jar:/home/anton/.m2/repository/org/junit/platform/junit-platform-commons/1.10.2/junit-platform-commons-1.10.2.jar:/home/anton/.m2/repository/org/apiguardian/apiguardian-api/1.1.2/apiguardian-api-1.1.2.jar:/home/anton/.m2/repository/org/junit/jupiter/junit-jupiter-params/5.10.2/junit-jupiter-params-5.10.2.jar:/home/anton/.m2/repository/org/junit/jupiter/junit-jupiter-engine/5.10.2/junit-jupiter-engine-5.10.2.jar:/home/anton/.m2/repository/org/junit/platform/junit-platform-engine/1.10.2/junit-platform-engine-1.10.2.jar:/home/anton/.m2/repository/org/mockito/mockito-core/5.2.0/mockito-core-5.2.0.jar:/home/anton/.m2/repository/net/bytebuddy/byte-buddy-agent/1.14.1/byte-buddy-agent-1.14.1.jar:/home/anton/.m2/repository/org/objenesis/objenesis/3.3/objenesis-3.3.jar:/home/anton/.m2/repository/net/bytebuddy/byte-buddy/1.14.10/byte-buddy-1.14.10.jar:/home/anton/.m2/repository/org/slf4j/slf4j-api/1.7.36/slf4j-api-1.7.36.jar:/home/anton/.m2/repository/org/slf4j/slf4j-simple/1.7.36/slf4j-simple-1.7.36.jar:"/>
    <property name="java.vm.vendor" value="Microsoft"/>
    <property name="sun.arch.data.model" value="64"/>
    <property name="java.vendor.url" value="https://www.microsoft.com"/>
    <property name="user.timezone" value="Europe/Kyiv"/>
    <property name="os.name" value="Linux"/>
    <property name="java.vm.specification.version" value="21"/>
    <property name="sun.java.launcher" value="SUN_STANDARD"/>
    <property name="user.country" value="GB"/>
    <property name="sun.boot.library.path" value="/home/anton/.jdks/ms-21.0.7/lib"/>
    <property name="sun.java.command" value="/home/anton/ВУЗ/2_курс/4_семестр/курсач/coursework_JAVA/target/surefire/surefirebooter-20250602210515098_3.jar /home/anton/ВУЗ/2_курс/4_семестр/курсач/coursework_JAVA/target/surefire 2025-06-02T21-05-15_001-jvmRun1 surefire-20250602210515098_1tmp surefire_0-20250602210515098_2tmp"/>
    <property name="jdk.debug" value="release"/>
    <property name="surefire.test.class.path" value="/home/anton/ВУЗ/2_курс/4_семестр/курсач/coursework_JAVA/target/test-classes:/home/anton/ВУЗ/2_курс/4_семестр/курсач/coursework_JAVA/target/classes:/home/anton/.m2/repository/org/openjfx/javafx-controls/21.0.2/javafx-controls-21.0.2.jar:/home/anton/.m2/repository/org/openjfx/javafx-controls/21.0.2/javafx-controls-21.0.2-linux.jar:/home/anton/.m2/repository/org/openjfx/javafx-graphics/21.0.2/javafx-graphics-21.0.2.jar:/home/anton/.m2/repository/org/openjfx/javafx-graphics/21.0.2/javafx-graphics-21.0.2-linux.jar:/home/anton/.m2/repository/org/openjfx/javafx-base/21.0.2/javafx-base-21.0.2.jar:/home/anton/.m2/repository/org/openjfx/javafx-base/21.0.2/javafx-base-21.0.2-linux.jar:/home/anton/.m2/repository/org/openjfx/javafx-fxml/21.0.2/javafx-fxml-21.0.2.jar:/home/anton/.m2/repository/org/openjfx/javafx-fxml/21.0.2/javafx-fxml-21.0.2-linux.jar:/home/anton/.m2/repository/org/xerial/sqlite-jdbc/3.45.2.0/sqlite-jdbc-3.45.2.0.jar:/home/anton/.m2/repository/org/junit/jupiter/junit-jupiter/5.10.2/junit-jupiter-5.10.2.jar:/home/anton/.m2/repository/org/junit/jupiter/junit-jupiter-api/5.10.2/junit-jupiter-api-5.10.2.jar:/home/anton/.m2/repository/org/opentest4j/opentest4j/1.3.0/opentest4j-1.3.0.jar:/home/anton/.m2/repository/org/junit/platform/junit-platform-commons/1.10.2/junit-platform-commons-1.10.2.jar:/home/anton/.m2/repository/org/apiguardian/apiguardian-api/1.1.2/apiguardian-api-1.1.2.jar:/home/anton/.m2/repository/org/junit/jupiter/junit-jupiter-params/5.10.2/junit-jupiter-params-5.10.2.jar:/home/anton/.m2/repository/org/junit/jupiter/junit-jupiter-engine/5.10.2/junit-jupiter-engine-5.10.2.jar:/home/anton/.m2/repository/org/junit/platform/junit-platform-engine/1.10.2/junit-platform-engine-1.10.2.jar:/home/anton/.m2/repository/org/mockito/mockito-core/5.2.0/mockito-core-5.2.0.jar:/home/anton/.m2/repository/net/bytebuddy/byte-buddy-agent/1.14.1/byte-buddy-agent-1.14.1.jar:/home/anton/.m2/repository/org/objenesis/objenesis/3.3/objenesis-3.3.jar:/home/anton/.m2/repository/net/bytebuddy/byte-buddy/1.14.10/byte-buddy-1.14.10.jar:/home/anton/.m2/repository/org/slf4j/slf4j-api/1.7.36/slf4j-api-1.7.36.jar:/home/anton/.m2/repository/org/slf4j/slf4j-simple/1.7.36/slf4j-simple-1.7.36.jar:"/>
    <property name="sun.cpu.endian" value="little"/>
    <property name="user.home" value="/home/anton"/>
    <property name="user.language" value="en"/>
    <property name="java.specification.vendor" value="Oracle Corporation"/>
    <property name="java.version.date" value="2025-04-15"/>
    <property name="java.home" value="/home/anton/.jdks/ms-21.0.7"/>
    <property name="file.separator" value="/"/>
    <property name="basedir" value="/home/anton/ВУЗ/2_курс/4_семестр/курсач/coursework_JAVA"/>
    <property name="java.vm.compressedOopsMode" value="Zero based"/>
    <property name="line.separator" value="&#10;"/>
    <property name="java.vm.specification.vendor" value="Oracle Corporation"/>
    <property name="java.specification.name" value="Java Platform API Specification"/>
    <property name="surefire.real.class.path" value="/home/anton/ВУЗ/2_курс/4_семестр/курсач/coursework_JAVA/target/surefire/surefirebooter-20250602210515098_3.jar"/>
    <property name="sun.management.compiler" value="HotSpot 64-Bit Tiered Compilers"/>
    <property name="java.runtime.version" value="21.0.7+6-LTS"/>
    <property name="user.name" value="anton"/>
    <property name="stdout.encoding" value="UTF-8"/>
    <property name="path.separator" value=":"/>
    <property name="os.version" value="6.11.0-26-generic"/>
    <property name="java.runtime.name" value="OpenJDK Runtime Environment"/>
    <property name="file.encoding" value="UTF-8"/>
    <property name="java.vm.name" value="OpenJDK 64-Bit Server VM"/>
    <property name="java.vendor.version" value="Microsoft-11369942"/>
    <property name="localRepository" value="/home/anton/.m2/repository"/>
    <property name="java.vendor.url.bug" value="https://github.com/microsoft/openjdk/issues"/>
    <property name="java.io.tmpdir" value="/tmp"/>
    <property name="idea.version" value="2025.1.1.1"/>
    <property name="java.version" value="21.0.7"/>
    <property name="user.dir" value="/home/anton/ВУЗ/2_курс/4_семестр/курсач/coursework_JAVA"/>
    <property name="os.arch" value="amd64"/>
    <property name="java.vm.specification.name" value="Java Virtual Machine Specification"/>
    <property name="native.encoding" value="UTF-8"/>
    <property name="java.library.path" value="/usr/java/packages/lib:/usr/lib64:/lib64:/lib:/usr/lib"/>
    <property name="java.vm.info" value="mixed mode, sharing"/>
    <property name="stderr.encoding" value="UTF-8"/>
    <property name="java.vendor" value="Microsoft"/>
    <property name="java.vm.version" value="21.0.7+6-LTS"/>
    <property name="sun.io.unicode.encoding" value="UnicodeLittle"/>
    <property name="java.class.version" value="65.0"/>
  </properties>
  <testcase name="testFullCoverage" classname="ui.AirlineCLITest" time="0.364">
    <system-out><![CDATA[
=== Меню ===
1. Додати літак
2. Видалити літак
3. Редагувати літак
4. Вивести всі літаки
5. Пошук літака
6. Сортування літаків
7. Вихід

Ваш вибір: 1
Доступні типи літаків:
1. Passenger
2. Cargo
3. Business Jet
4. Light Plane
5. Fighter
6. Bomber
7. Attack Aircraft
8. Interceptor
Виберіть тип літака (введіть номер): 1
Модель: TestModel
Кількість пасажирів: 100
Вантажопідйомність (тонн): 10.5
Дальність польоту (км): 5000
Споживання пального (л/год): 3.5
Крейсерська швидкість (км/год): 700.0
Максимальна швидкість (км/год): 950.0
Стеля польоту (м): 12000
Літак додано.

=== Меню ===
1. Додати літак
2. Видалити літак
3. Редагувати літак
4. Вивести всі літаки
5. Пошук літака
6. Сортування літаків
7. Вихід

Ваш вибір: 1
Доступні типи літаків:
1. Passenger
2. Cargo
3. Business Jet
4. Light Plane
5. Fighter
6. Bomber
7. Attack Aircraft
8. Interceptor
Виберіть тип літака (введіть номер): 2
Модель: CargoModel
Кількість пасажирів: 0
Вантажопідйомність (тонн): 50.0
Дальність польоту (км): 3000
Споживання пального (л/год): 8.2
Крейсерська швидкість (км/год): 600.0
Максимальна швидкість (км/год): 800.0
Стеля польоту (м): 8500
Літак додано.

=== Меню ===
1. Додати літак
2. Видалити літак
3. Редагувати літак
4. Вивести всі літаки
5. Пошук літака
6. Сортування літаків
7. Вихід

Ваш вибір: 1
Доступні типи літаків:
1. Passenger
2. Cargo
3. Business Jet
4. Light Plane
5. Fighter
6. Bomber
7. Attack Aircraft
8. Interceptor
Виберіть тип літака (введіть номер): 99
❌ Невірний вибір типу.

=== Меню ===
1. Додати літак
2. Видалити літак
3. Редагувати літак
4. Вивести всі літаки
5. Пошук літака
6. Сортування літаків
7. Вихід

Ваш вибір: 4
=== Список літаків ===
+-----+------------------------------+-----------------+-----------+-----------+------------+------------+---------------+---------------+---------+
| ID  | Модель                       | Тип             | Пасажири  | Вантаж(т) | Дальність  | Пальне     | Крейс. швидк. | Макс. швидк.  | Стеля   |
+-----+------------------------------+-----------------+-----------+-----------+------------+------------+---------------+---------------+---------+
| 1   | TestModel                    | Passenger       | 100       | 10.5      | 5000       | 3.5        | 700.0         | 950.0         | 12000   |
| 2   | CargoModel                   | Cargo           | 0         | 50.0      | 3000       | 8.2        | 600.0         | 800.0         | 8500    |
+-----+------------------------------+-----------------+-----------+-----------+------------+------------+---------------+---------------+---------+

=== Меню ===
1. Додати літак
2. Видалити літак
3. Редагувати літак
4. Вивести всі літаки
5. Пошук літака
6. Сортування літаків
7. Вихід

Ваш вибір: 5
1. Пошук за частиною назви
2. Розширений пошук з фільтрами

Виберіть тип пошуку: 1
Введіть частину назви для пошуку: cargo
🔍 Знайдені літаки:
+-----+------------------------------+-----------------+-----------+-----------+------------+------------+---------------+---------------+---------+
| ID  | Модель                       | Тип             | Пасажири  | Вантаж(т) | Дальність  | Пальне     | Крейс. швидк. | Макс. швидк.  | Стеля   |
+-----+------------------------------+-----------------+-----------+-----------+------------+------------+---------------+---------------+---------+
| 2   | CargoModel                   | Cargo           | 0         | 50.0      | 3000       | 8.2        | 600.0         | 800.0         | 8500    |
+-----+------------------------------+-----------------+-----------+-----------+------------+------------+---------------+---------------+---------+

=== Меню ===
1. Додати літак
2. Видалити літак
3. Редагувати літак
4. Вивести всі літаки
5. Пошук літака
6. Сортування літаків
7. Вихід

Ваш вибір: 5
1. Пошук за частиною назви
2. Розширений пошук з фільтрами

Виберіть тип пошуку: 1
Введіть частину назви для пошуку: nonexistent
❌ Не знайдено жодного літака.

=== Меню ===
1. Додати літак
2. Видалити літак
3. Редагувати літак
4. Вивести всі літаки
5. Пошук літака
6. Сортування літаків
7. Вихід

Ваш вибір: 5
1. Пошук за частиною назви
2. Розширений пошук з фільтрами

Виберіть тип пошуку: 2
=== Розширений пошук з фільтрами ===
Частина моделі (або залиште порожнім): 
Мін. пасажирів (або -1): -1
Макс. пасажирів (або -1): -1
Мін. вантажопідйомність (або -1): -1.0
Макс. вантажопідйомність (або -1): -1.0
Мін. дальність (або -1): -1
Макс. дальність (або -1): -1
Мін. споживання пального (або -1): -1.0
Макс. споживання пального (або -1): -1.0
Мін. крейсерська швидкість (або -1): -1.0
Макс. крейсерська швидкість (або -1): -1.0
Мін. максимальна швидкість (або -1): -1.0
Макс. максимальна швидкість (або -1): -1.0
Мін. стеля (або -1): -1
Макс. стеля (або -1): -1
Виберіть типи літаків (через пробіл, або залиште порожнім для всіх):
1. Passenger
2. Cargo
3. Business Jet
4. Light Plane
5. Fighter
6. Bomber
7. Attack Aircraft
8. Interceptor
Ваш вибір (наприклад: 1 3 6): 
🔍 Результати пошуку (2):
+-----+------------------------------+-----------------+-----------+-----------+------------+------------+---------------+---------------+---------+
| ID  | Модель                       | Тип             | Пасажири  | Вантаж(т) | Дальність  | Пальне     | Крейс. швидк. | Макс. швидк.  | Стеля   |
+-----+------------------------------+-----------------+-----------+-----------+------------+------------+---------------+---------------+---------+
| 1   | TestModel                    | Passenger       | 100       | 10.5      | 5000       | 3.5        | 700.0         | 950.0         | 12000   |
| 2   | CargoModel                   | Cargo           | 0         | 50.0      | 3000       | 8.2        | 600.0         | 800.0         | 8500    |
+-----+------------------------------+-----------------+-----------+-----------+------------+------------+---------------+---------------+---------+

=== Меню ===
1. Додати літак
2. Видалити літак
3. Редагувати літак
4. Вивести всі літаки
5. Пошук літака
6. Сортування літаків
7. Вихід

Ваш вибір: 5
1. Пошук за частиною назви
2. Розширений пошук з фільтрами

Виберіть тип пошуку: 2
=== Розширений пошук з фільтрами ===
Частина моделі (або залиште порожнім): 
Мін. пасажирів (або -1): 50
Макс. пасажирів (або -1): 150
Мін. вантажопідйомність (або -1): -1.0
Макс. вантажопідйомність (або -1): -1.0
Мін. дальність (або -1): -1
Макс. дальність (або -1): -1
Мін. споживання пального (або -1): -1.0
Макс. споживання пального (або -1): -1.0
Мін. крейсерська швидкість (або -1): -1.0
Макс. крейсерська швидкість (або -1): -1.0
Мін. максимальна швидкість (або -1): -1.0
Макс. максимальна швидкість (або -1): -1.0
Мін. стеля (або -1): -1
Макс. стеля (або -1): -1
Виберіть типи літаків (через пробіл, або залиште порожнім для всіх):
1. Passenger
2. Cargo
3. Business Jet
4. Light Plane
5. Fighter
6. Bomber
7. Attack Aircraft
8. Interceptor
Ваш вибір (наприклад: 1 3 6): 1
🔍 Результати пошуку (1):
+-----+------------------------------+-----------------+-----------+-----------+------------+------------+---------------+---------------+---------+
| ID  | Модель                       | Тип             | Пасажири  | Вантаж(т) | Дальність  | Пальне     | Крейс. швидк. | Макс. швидк.  | Стеля   |
+-----+------------------------------+-----------------+-----------+-----------+------------+------------+---------------+---------------+---------+
| 1   | TestModel                    | Passenger       | 100       | 10.5      | 5000       | 3.5        | 700.0         | 950.0         | 12000   |
+-----+------------------------------+-----------------+-----------+-----------+------------+------------+---------------+---------------+---------+

=== Меню ===
1. Додати літак
2. Видалити літак
3. Редагувати літак
4. Вивести всі літаки
5. Пошук літака
6. Сортування літаків
7. Вихід

Ваш вибір: 3
Введіть модель літака для редагування: TestModel
Знайдено:
+-----+------------------------------+-----------------+-----------+-----------+------------+------------+---------------+---------------+---------+
| ID  | Модель                       | Тип             | Пасажири  | Вантаж(т) | Дальність  | Пальне     | Крейс. швидк. | Макс. швидк.  | Стеля   |
+-----+------------------------------+-----------------+-----------+-----------+------------+------------+---------------+---------------+---------+
| 1   | TestModel                    | Passenger       | 100       | 10.5      | 5000       | 3.5        | 700.0         | 950.0         | 12000   |
+-----+------------------------------+-----------------+-----------+-----------+------------+------------+---------------+---------------+---------+
Введіть нові значення (залишіть порожнім, щоб залишити поточне):
Модель [TestModel]: EditedModel
Кількість пасажирів [100]: 111
Вантажопідйомність (тонн) [10.5]: 
Дальність польоту (км) [5000]: 
Споживання пального (л/год) [3.5]: 
Крейсерська швидкість (км/год) [700.0]: 
Максимальна швидкість (км/год) [950.0]: 
Стеля польоту (м) [12000]: 
✅ Оновлено.

=== Меню ===
1. Додати літак
2. Видалити літак
3. Редагувати літак
4. Вивести всі літаки
5. Пошук літака
6. Сортування літаків
7. Вихід

Ваш вибір: 
❌ Невідомий вибір. Спробуйте ще.

=== Меню ===
1. Додати літак
2. Видалити літак
3. Редагувати літак
4. Вивести всі літаки
5. Пошук літака
6. Сортування літаків
7. Вихід

Ваш вибір: 3
Введіть модель літака для редагування: NotExist
❌ Літак не знайдено.

=== Меню ===
1. Додати літак
2. Видалити літак
3. Редагувати літак
4. Вивести всі літаки
5. Пошук літака
6. Сортування літаків
7. Вихід

Ваш вибір: 6
Сортувати за:
1. Модель
2. Пасажири
3. Вантажопідйомність
4. Дальність польоту
5. Споживання пального
6. Крейсерська швидкість
7. Максимальна швидкість
8. Стеля

Ваш вибір: 1
Порядок сортування:
1. За зростанням
2. За спаданням
Ваш вибір: 1
=== Результат сортування ===
+-----+------------------------------+-----------------+-----------+-----------+------------+------------+---------------+---------------+---------+
| ID  | Модель                       | Тип             | Пасажири  | Вантаж(т) | Дальність  | Пальне     | Крейс. швидк. | Макс. швидк.  | Стеля   |
+-----+------------------------------+-----------------+-----------+-----------+------------+------------+---------------+---------------+---------+
| 2   | CargoModel                   | Cargo           | 0         | 50.0      | 3000       | 8.2        | 600.0         | 800.0         | 8500    |
| 1   | EditedModel                  | Passenger       | 111       | 10.5      | 5000       | 3.5        | 700.0         | 950.0         | 12000   |
+-----+------------------------------+-----------------+-----------+-----------+------------+------------+---------------+---------------+---------+

=== Меню ===
1. Додати літак
2. Видалити літак
3. Редагувати літак
4. Вивести всі літаки
5. Пошук літака
6. Сортування літаків
7. Вихід

Ваш вибір: 6
Сортувати за:
1. Модель
2. Пасажири
3. Вантажопідйомність
4. Дальність польоту
5. Споживання пального
6. Крейсерська швидкість
7. Максимальна швидкість
8. Стеля

Ваш вибір: 3
Порядок сортування:
1. За зростанням
2. За спаданням
Ваш вибір: 2
=== Результат сортування ===
+-----+------------------------------+-----------------+-----------+-----------+------------+------------+---------------+---------------+---------+
| ID  | Модель                       | Тип             | Пасажири  | Вантаж(т) | Дальність  | Пальне     | Крейс. швидк. | Макс. швидк.  | Стеля   |
+-----+------------------------------+-----------------+-----------+-----------+------------+------------+---------------+---------------+---------+
| 2   | CargoModel                   | Cargo           | 0         | 50.0      | 3000       | 8.2        | 600.0         | 800.0         | 8500    |
| 1   | EditedModel                  | Passenger       | 111       | 10.5      | 5000       | 3.5        | 700.0         | 950.0         | 12000   |
+-----+------------------------------+-----------------+-----------+-----------+------------+------------+---------------+---------------+---------+

=== Меню ===
1. Додати літак
2. Видалити літак
3. Редагувати літак
4. Вивести всі літаки
5. Пошук літака
6. Сортування літаків
7. Вихід

Ваш вибір: 2
Введіть назву (модель) літака для видалення: CargoModel
Знайдено:
+-----+------------------------------+-----------------+-----------+-----------+------------+------------+---------------+---------------+---------+
| ID  | Модель                       | Тип             | Пасажири  | Вантаж(т) | Дальність  | Пальне     | Крейс. швидк. | Макс. швидк.  | Стеля   |
+-----+------------------------------+-----------------+-----------+-----------+------------+------------+---------------+---------------+---------+
| 2   | CargoModel                   | Cargo           | 0         | 50.0      | 3000       | 8.2        | 600.0         | 800.0         | 8500    |
+-----+------------------------------+-----------------+-----------+-----------+------------+------------+---------------+---------------+---------+
Підтвердити видалення (y/n)? n
Скасовано.

=== Меню ===
1. Додати літак
2. Видалити літак
3. Редагувати літак
4. Вивести всі літаки
5. Пошук літака
6. Сортування літаків
7. Вихід

Ваш вибір: 2
Введіть назву (модель) літака для видалення: CargoModel
Знайдено:
+-----+------------------------------+-----------------+-----------+-----------+------------+------------+---------------+---------------+---------+
| ID  | Модель                       | Тип             | Пасажири  | Вантаж(т) | Дальність  | Пальне     | Крейс. швидк. | Макс. швидк.  | Стеля   |
+-----+------------------------------+-----------------+-----------+-----------+------------+------------+---------------+---------------+---------+
| 2   | CargoModel                   | Cargo           | 0         | 50.0      | 3000       | 8.2        | 600.0         | 800.0         | 8500    |
+-----+------------------------------+-----------------+-----------+-----------+------------+------------+---------------+---------------+---------+
Підтвердити видалення (y/n)? y
✅ Видалено.

=== Меню ===
1. Додати літак
2. Видалити літак
3. Редагувати літак
4. Вивести всі літаки
5. Пошук літака
6. Сортування літаків
7. Вихід

Ваш вибір: 2
Введіть назву (модель) літака для видалення: NotExist
❌ Літак не знайдено.

=== Меню ===
1. Додати літак
2. Видалити літак
3. Редагувати літак
4. Вивести всі літаки
5. Пошук літака
6. Сортування літаків
7. Вихід

Ваш вибір: 999
❌ Невідомий вибір. Спробуйте ще.

=== Меню ===
1. Додати літак
2. Видалити літак
3. Редагувати літак
4. Вивести всі літаки
5. Пошук літака
6. Сортування літаків
7. Вихід

Ваш вибір: 7

]]></system-out>
    <system-err><![CDATA[[main] INFO db.DatabaseManager - DatabaseManager initialized with custom dbUrl = jdbc:sqlite:test_cli_airline.db
[main] INFO db.DatabaseManager - Ensured 'planes' table exists in DB: jdbc:sqlite:test_cli_airline.db
[main] INFO db.DatabaseManager - Added plane 'TestModel' of type 'Passenger' to DB
[main] INFO db.DatabaseManager - Added plane 'CargoModel' of type 'Cargo' to DB
[main] INFO db.DatabaseManager - Loaded 2 plane(s) from DB
[main] INFO db.DatabaseManager - Loaded 2 plane(s) from DB
[main] INFO db.DatabaseManager - Loaded 2 plane(s) from DB
[main] INFO db.DatabaseManager - Loaded 2 plane(s) from DB
[main] INFO db.DatabaseManager - Loaded 2 plane(s) from DB
[main] INFO db.DatabaseManager - Loaded 2 plane(s) from DB
[main] INFO db.DatabaseManager - Loaded 2 plane(s) from DB
[main] INFO db.DatabaseManager - Updated plane 'EditedModel' (ID: 1) in DB
[main] INFO db.DatabaseManager - Loaded 2 plane(s) from DB
[main] INFO db.DatabaseManager - Loaded 2 plane(s) from DB
[main] INFO db.DatabaseManager - Loaded 2 plane(s) from DB
[main] INFO db.DatabaseManager - Loaded 2 plane(s) from DB
[main] INFO db.DatabaseManager - Loaded 2 plane(s) from DB
[main] INFO db.DatabaseManager - Loaded 2 plane(s) from DB
[main] INFO db.DatabaseManager - Loaded 2 plane(s) from DB
[main] INFO db.DatabaseManager - Deleted plane with ID 2 from DB
[main] INFO db.DatabaseManager - Loaded 1 plane(s) from DB
[main] INFO db.DatabaseManager - Loaded 1 plane(s) from DB
]]></system-err>
  </testcase>
</testsuite>